1694090028135	geckodriver	INFO	Listening on 127.0.0.1:58866
1694090031176	mozrunner::runner	INFO	Running command: "C:\\Program Files\\Mozilla Firefox\\firefox.exe" "--marionette" "--remote-debugging-port" "58867" "--remote-allow-hosts" "localhost" "-no-remote" "-profile" "C:\\Users\\LAXBAO~1\\AppData\\Local\\Temp\\rust_mozprofileqbSfvH"
1694090031372	Marionette	INFO	Marionette enabled
console.warn: SearchSettings: "get: No settings file exists, new profile?" (new NotFoundError("Could not open the file at C:\\Users\\Lax Baor Trung\\AppData\\Local\\Temp\\rust_mozprofileqbSfvH\\search.json.mozlz4", (void 0)))
DevTools listening on ws://localhost:58867/devtools/browser/5a66b8c5-3e23-4d86-a343-b211f06ddbd5
1694090032972	Marionette	INFO	Listening on port 58888
Read port: 58888
1694090033069	RemoteAgent	WARN	TLS certificate errors will be ignored for this session
1694090034514	Marionette	WARN	Ignoring event 'DOMContentLoaded' because document has an invalid readyState of 'complete'.
JavaScript warning: https://pagead2.googlesyndication.com/bg/YBinSErTekvxupjb6vinQNaPBzh8KEiIox6QinbqyX4.js line 2 > eval line 2248 > eval line 1 > eval line 1 > eval, line 1: WEBGL_debug_renderer_info is deprecated in Firefox and will be removed. Please use RENDERER.
1694090041453	Marionette	WARN	Ignoring event 'pageshow' because document has an invalid readyState of 'uninitialized'.
1694090042494	Marionette	WARN	Ignoring event 'DOMContentLoaded' because document has an invalid readyState of 'complete'.
JavaScript error: , line 0: TypeError: NetworkError when attempting to fetch resource.
JavaScript warning: https://pagead2.googlesyndication.com/bg/YBinSErTekvxupjb6vinQNaPBzh8KEiIox6QinbqyX4.js line 2 > eval line 1708 > eval line 1 > eval line 1 > eval, line 1: WEBGL_debug_renderer_info is deprecated in Firefox and will be removed. Please use RENDERER.
console.warn: LoginRecipes: "getRecipes: falling back to a synchronous message for:" "https://demo.guru99.com"
JavaScript error: https://demo.guru99.com/telecom/addcustomer.php, line 76: ReferenceError: v6 is not defined
1694090049983	Marionette	WARN	Ignoring event 'DOMContentLoaded' because document has an invalid readyState of 'complete'.
JavaScript warning: https://pagead2.googlesyndication.com/bg/YBinSErTekvxupjb6vinQNaPBzh8KEiIox6QinbqyX4.js line 2 > eval line 4742 > eval line 1 > eval line 1 > eval, line 1: WEBGL_debug_renderer_info is deprecated in Firefox and will be removed. Please use RENDERER.
1694090083170	Marionette	INFO	Stopped listening on port 58888
console.warn: TopSitesFeed: Failed to fetch data from Contile server: NetworkError when attempting to fetch resource.

###!!! [Parent][RunMessage] Error: Channel closing: too late to send/recv, messages will be lost

