1694089845160	geckodriver	INFO	Listening on 127.0.0.1:56423
1694089848219	mozrunner::runner	INFO	Running command: "C:\\Program Files\\Mozilla Firefox\\firefox.exe" "--marionette" "--remote-debugging-port" "56424" "--remote-allow-hosts" "localhost" "-no-remote" "-profile" "C:\\Users\\LAXBAO~1\\AppData\\Local\\Temp\\rust_mozprofileQEqWGH"
1694089848404	Marionette	INFO	Marionette enabled
console.warn: SearchSettings: "get: No settings file exists, new profile?" (new NotFoundError("Could not open the file at C:\\Users\\Lax Baor Trung\\AppData\\Local\\Temp\\rust_mozprofileQEqWGH\\search.json.mozlz4", (void 0)))
DevTools listening on ws://localhost:56424/devtools/browser/54574773-5c7d-48bf-b043-70e3f58b9627
1694089849871	Marionette	INFO	Listening on port 56444
Read port: 56444
1694089849899	RemoteAgent	WARN	TLS certificate errors will be ignored for this session
1694089852152	Marionette	WARN	Ignoring event 'DOMContentLoaded' because document has an invalid readyState of 'complete'.
JavaScript warning: https://pagead2.googlesyndication.com/bg/YBinSErTekvxupjb6vinQNaPBzh8KEiIox6QinbqyX4.js line 2 > eval line 5052 > eval line 1 > eval line 1 > eval, line 1: WEBGL_debug_renderer_info is deprecated in Firefox and will be removed. Please use RENDERER.
1694089859131	Marionette	WARN	Ignoring event 'pageshow' because document has an invalid readyState of 'uninitialized'.
1694089860183	Marionette	WARN	Ignoring event 'DOMContentLoaded' because document has an invalid readyState of 'complete'.
JavaScript warning: https://pagead2.googlesyndication.com/bg/YBinSErTekvxupjb6vinQNaPBzh8KEiIox6QinbqyX4.js line 2 > eval line 2695 > eval line 1 > eval line 1 > eval, line 1: WEBGL_debug_renderer_info is deprecated in Firefox and will be removed. Please use RENDERER.
console.warn: LoginRecipes: "getRecipes: falling back to a synchronous message for:" "https://demo.guru99.com"
JavaScript error: https://demo.guru99.com/telecom/addcustomer.php, line 76: ReferenceError: v6 is not defined
1694089867598	Marionette	WARN	Ignoring event 'DOMContentLoaded' because document has an invalid readyState of 'complete'.
JavaScript warning: https://pagead2.googlesyndication.com/bg/YBinSErTekvxupjb6vinQNaPBzh8KEiIox6QinbqyX4.js line 2 > eval line 7518 > eval line 1 > eval line 1 > eval, line 1: WEBGL_debug_renderer_info is deprecated in Firefox and will be removed. Please use RENDERER.
1694090028937	Marionette	INFO	Stopped listening on port 56444
console.warn: TopSitesFeed: Failed to fetch data from Contile server: NetworkError when attempting to fetch resource.

###!!! [Parent][RunMessage] Error: Channel closing: too late to send/recv, messages will be lost

