1694853826536	geckodriver	INFO	Listening on 127.0.0.1:51394
1694853829609	mozrunner::runner	INFO	Running command: "C:\\Program Files\\Mozilla Firefox\\firefox.exe" "--marionette" "--remote-debugging-port" "51395" "--remote-allow-hosts" "localhost" "-no-remote" "-profile" "C:\\Users\\LAXBAO~1\\AppData\\Local\\Temp\\rust_mozprofilehMvD6R"
1694853829791	Marionette	INFO	Marionette enabled
console.warn: SearchSettings: "get: No settings file exists, new profile?" (new NotFoundError("Could not open the file at C:\\Users\\Lax Baor Trung\\AppData\\Local\\Temp\\rust_mozprofilehMvD6R\\search.json.mozlz4", (void 0)))
DevTools listening on ws://localhost:51395/devtools/browser/c0186eff-4d68-4861-a270-5662996bb27f
1694853831355	Marionette	INFO	Listening on port 51414
Read port: 51414
1694853831378	RemoteAgent	WARN	TLS certificate errors will be ignored for this session
console.warn: LoginRecipes: "getRecipes: falling back to a synchronous message for:" "https://todoist.com"
console.warn: LoginRecipes: "getRecipes: falling back to a synchronous message for:" "https://todoist.com"
JavaScript error: resource://gre/modules/LoginManagerParent.jsm, line 136: TypeError: gRecipeManager is null
console.warn: LoginRecipes: "getRecipes: falling back to a synchronous message for:" "https://todoist.com"
JavaScript error: resource://gre/modules/LoginManagerParent.jsm, line 136: TypeError: gRecipeManager is null
console.warn: LoginRecipes: "getRecipes: falling back to a synchronous message for:" "https://todoist.com"
JavaScript error: resource://gre/modules/LoginManagerParent.jsm, line 136: TypeError: gRecipeManager is null
1694853842557	Marionette	WARN	TimedPromise timed out after 500 ms: stacktrace:
TimedPromise/<@chrome://remote/content/marionette/sync.js:239:19
TimedPromise@chrome://remote/content/marionette/sync.js:224:10
interaction.flushEventLoop@chrome://remote/content/marionette/interaction.js:431:10
webdriverClickElement@chrome://remote/content/marionette/interaction.js:179:31
console.warn: LoginRecipes: "getRecipes: falling back to a synchronous message for:" "https://todoist.com"
JavaScript error: resource://gre/modules/LoginManagerParent.jsm, line 136: TypeError: gRecipeManager is null
1694853843542	Marionette	INFO	Stopped listening on port 51414

###!!! [Parent][RunMessage] Error: Channel closing: too late to send/recv, messages will be lost

